2024-08-15 17:03:46,459 [INFO] com.snakeio.snake.DemoApplicationTests [main] Starting DemoApplicationTests using Java 17.0.7 with PID 75556 (started by oww in /Users/oww/Documents/GitHub/SnakeOnline/UserService)
2024-08-15 17:03:46,461 [INFO] com.snakeio.snake.DemoApplicationTests [main] No active profile set, falling back to 1 default profile: "default"
2024-08-15 17:03:48,439 [INFO] org.springframework.data.repository.config.RepositoryConfigurationDelegate [main] Bootstrapping Spring Data JPA repositories in DEFAULT mode.
2024-08-15 17:03:48,649 [INFO] org.springframework.data.repository.config.RepositoryConfigurationDelegate [main] Finished Spring Data repository scanning in 202 ms. Found 1 JPA repository interface.
2024-08-15 17:03:49,756 [INFO] org.hibernate.jpa.internal.util.LogHelper [main] HHH000204: Processing PersistenceUnitInfo [name: default]
2024-08-15 17:03:49,818 [INFO] org.hibernate.Version [main] HHH000412: Hibernate ORM core version 6.5.2.Final
2024-08-15 17:03:49,881 [INFO] org.hibernate.cache.internal.RegionFactoryInitiator [main] HHH000026: Second-level cache disabled
2024-08-15 17:03:50,317 [INFO] org.springframework.orm.jpa.persistenceunit.SpringPersistenceUnitInfo [main] No LoadTimeWeaver setup: ignoring JPA class transformer
2024-08-15 17:03:50,365 [INFO] com.zaxxer.hikari.HikariDataSource [main] HikariPool-1 - Starting...
2024-08-15 17:03:50,593 [INFO] com.zaxxer.hikari.pool.HikariPool [main] HikariPool-1 - Added connection conn0: url=jdbc:h2:file:./db/db user=ROOT
2024-08-15 17:03:50,596 [INFO] com.zaxxer.hikari.HikariDataSource [main] HikariPool-1 - Start completed.
2024-08-15 17:03:50,634 [WARN] org.hibernate.orm.deprecation [main] HHH90000025: H2Dialect does not need to be specified explicitly using 'hibernate.dialect' (remove the property setting and it will be selected by default)
2024-08-15 17:03:51,769 [INFO] org.hibernate.engine.transaction.jta.platform.internal.JtaPlatformInitiator [main] HHH000489: No JTA platform available (set 'hibernate.transaction.jta.platform' to enable JTA platform integration)
2024-08-15 17:03:51,830 [INFO] org.springframework.orm.jpa.LocalContainerEntityManagerFactoryBean [main] Initialized JPA EntityManagerFactory for persistence unit 'default'
2024-08-15 17:03:53,485 [WARN] org.springframework.boot.autoconfigure.orm.jpa.JpaBaseConfiguration$JpaWebConfiguration [main] spring.jpa.open-in-view is enabled by default. Therefore, database queries may be performed during view rendering. Explicitly configure spring.jpa.open-in-view to disable this warning
2024-08-15 17:03:53,522 [INFO] org.springframework.security.config.annotation.authentication.configuration.InitializeUserDetailsBeanManagerConfigurer$InitializeUserDetailsManagerConfigurer [main] Global AuthenticationManager configured with UserDetailsService bean with name accountService
2024-08-15 17:03:54,106 [INFO] org.springframework.security.web.DefaultSecurityFilterChain [main] Will secure any request with [org.springframework.security.web.session.DisableEncodeUrlFilter@6a087c72, org.springframework.security.web.context.request.async.WebAsyncManagerIntegrationFilter@3894d1b1, org.springframework.security.web.context.SecurityContextHolderFilter@2fb555e8, org.springframework.security.web.header.HeaderWriterFilter@6bab8290, org.springframework.web.filter.CorsFilter@5f6b1f19, org.springframework.security.web.authentication.logout.LogoutFilter@8318808, org.springframework.security.oauth2.server.resource.web.authentication.BearerTokenAuthenticationFilter@7fd3197b, org.springframework.security.web.savedrequest.RequestCacheAwareFilter@6c502018, org.springframework.security.web.servletapi.SecurityContextHolderAwareRequestFilter@7e4a6afd, org.springframework.security.web.authentication.AnonymousAuthenticationFilter@253c7189, org.springframework.security.web.session.SessionManagementFilter@1ff52a71, org.springframework.security.web.access.ExceptionTranslationFilter@66ad7167, org.springframework.security.web.access.intercept.AuthorizationFilter@7da59f6e]
2024-08-15 17:03:54,615 [INFO] org.springframework.boot.autoconfigure.h2.H2ConsoleAutoConfiguration [main] H2 console available at '/db-console'. Database available at 'jdbc:h2:file:./db/db'
2024-08-15 17:03:54,752 [INFO] com.snakeio.snake.DemoApplicationTests [main] Started DemoApplicationTests in 8.912 seconds (process running for 10.587)
2024-08-15 17:03:56,155 [INFO] org.springframework.orm.jpa.LocalContainerEntityManagerFactoryBean [SpringApplicationShutdownHook] Closing JPA EntityManagerFactory for persistence unit 'default'
2024-08-15 17:03:56,194 [INFO] com.zaxxer.hikari.HikariDataSource [SpringApplicationShutdownHook] HikariPool-1 - Shutdown initiated...
2024-08-15 17:03:56,214 [INFO] com.zaxxer.hikari.HikariDataSource [SpringApplicationShutdownHook] HikariPool-1 - Shutdown completed.
2024-08-15 17:08:00,523 [INFO] com.snakeio.snake.DemoApplicationTests [main] Starting DemoApplicationTests using Java 17.0.7 with PID 77634 (started by oww in /Users/oww/Documents/GitHub/SnakeOnline/UserService)
2024-08-15 17:08:00,524 [INFO] com.snakeio.snake.DemoApplicationTests [main] No active profile set, falling back to 1 default profile: "default"
2024-08-15 17:08:02,612 [INFO] org.springframework.data.repository.config.RepositoryConfigurationDelegate [main] Bootstrapping Spring Data JPA repositories in DEFAULT mode.
2024-08-15 17:08:02,792 [INFO] org.springframework.data.repository.config.RepositoryConfigurationDelegate [main] Finished Spring Data repository scanning in 158 ms. Found 1 JPA repository interface.
2024-08-15 17:08:03,814 [INFO] org.hibernate.jpa.internal.util.LogHelper [main] HHH000204: Processing PersistenceUnitInfo [name: default]
2024-08-15 17:08:03,875 [INFO] org.hibernate.Version [main] HHH000412: Hibernate ORM core version 6.5.2.Final
2024-08-15 17:08:03,927 [INFO] org.hibernate.cache.internal.RegionFactoryInitiator [main] HHH000026: Second-level cache disabled
2024-08-15 17:08:04,342 [INFO] org.springframework.orm.jpa.persistenceunit.SpringPersistenceUnitInfo [main] No LoadTimeWeaver setup: ignoring JPA class transformer
2024-08-15 17:08:04,390 [INFO] com.zaxxer.hikari.HikariDataSource [main] HikariPool-1 - Starting...
2024-08-15 17:08:04,647 [INFO] com.zaxxer.hikari.pool.HikariPool [main] HikariPool-1 - Added connection conn0: url=jdbc:h2:file:./db/db user=ROOT
2024-08-15 17:08:04,649 [INFO] com.zaxxer.hikari.HikariDataSource [main] HikariPool-1 - Start completed.
2024-08-15 17:08:04,680 [WARN] org.hibernate.orm.deprecation [main] HHH90000025: H2Dialect does not need to be specified explicitly using 'hibernate.dialect' (remove the property setting and it will be selected by default)
2024-08-15 17:08:05,873 [INFO] org.hibernate.engine.transaction.jta.platform.internal.JtaPlatformInitiator [main] HHH000489: No JTA platform available (set 'hibernate.transaction.jta.platform' to enable JTA platform integration)
2024-08-15 17:08:05,938 [INFO] org.springframework.orm.jpa.LocalContainerEntityManagerFactoryBean [main] Initialized JPA EntityManagerFactory for persistence unit 'default'
2024-08-15 17:08:07,238 [WARN] org.springframework.boot.autoconfigure.orm.jpa.JpaBaseConfiguration$JpaWebConfiguration [main] spring.jpa.open-in-view is enabled by default. Therefore, database queries may be performed during view rendering. Explicitly configure spring.jpa.open-in-view to disable this warning
2024-08-15 17:08:07,272 [INFO] org.springframework.security.config.annotation.authentication.configuration.InitializeUserDetailsBeanManagerConfigurer$InitializeUserDetailsManagerConfigurer [main] Global AuthenticationManager configured with UserDetailsService bean with name accountService
2024-08-15 17:08:07,842 [INFO] org.springframework.security.web.DefaultSecurityFilterChain [main] Will secure any request with [org.springframework.security.web.session.DisableEncodeUrlFilter@1dc9e4d2, org.springframework.security.web.context.request.async.WebAsyncManagerIntegrationFilter@7ef8899d, org.springframework.security.web.context.SecurityContextHolderFilter@1483c738, org.springframework.security.web.header.HeaderWriterFilter@6c502018, org.springframework.web.filter.CorsFilter@41bc501b, org.springframework.security.web.authentication.logout.LogoutFilter@6202f8bf, org.springframework.security.oauth2.server.resource.web.authentication.BearerTokenAuthenticationFilter@1b949de4, org.springframework.security.web.savedrequest.RequestCacheAwareFilter@4ffcb1bd, org.springframework.security.web.servletapi.SecurityContextHolderAwareRequestFilter@29682244, org.springframework.security.web.authentication.AnonymousAuthenticationFilter@60ae950f, org.springframework.security.web.session.SessionManagementFilter@4d87e7f3, org.springframework.security.web.access.ExceptionTranslationFilter@65192f16, org.springframework.security.web.access.intercept.AuthorizationFilter@3894d1b1]
2024-08-15 17:08:08,431 [INFO] org.springframework.boot.autoconfigure.h2.H2ConsoleAutoConfiguration [main] H2 console available at '/db-console'. Database available at 'jdbc:h2:file:./db/db'
2024-08-15 17:08:08,598 [INFO] com.snakeio.snake.DemoApplicationTests [main] Started DemoApplicationTests in 8.674 seconds (process running for 10.395)
2024-08-15 17:08:09,875 [INFO] org.springframework.orm.jpa.LocalContainerEntityManagerFactoryBean [SpringApplicationShutdownHook] Closing JPA EntityManagerFactory for persistence unit 'default'
2024-08-15 17:08:09,882 [INFO] com.zaxxer.hikari.HikariDataSource [SpringApplicationShutdownHook] HikariPool-1 - Shutdown initiated...
2024-08-15 17:08:09,889 [INFO] com.zaxxer.hikari.HikariDataSource [SpringApplicationShutdownHook] HikariPool-1 - Shutdown completed.
